# JRE version: OpenJDK Runtime Environment (8.0_152-b01) (build 1.8.0_152-release-915-b01)
# Java VM: OpenJDK 64-Bit Server VM (25.152-b01 mixed mode linux-amd64 compressed oops)
Heap:
 PSYoungGen      total 291840K, used 0K [0x00000000e0000000, 0x00000000f7a00000, 0x0000000100000000)
  eden space 240128K, 0% used [0x00000000e0000000,0x00000000e0000000,0x00000000eea80000)
  from space 51712K, 0% used [0x00000000eea80000,0x00000000eea80000,0x00000000f1d00000)
  to   space 53248K, 0% used [0x00000000f4600000,0x00000000f4600000,0x00000000f7a00000)
 ParOldGen       total 157696K, used 125099K [0x00000000a0000000, 0x00000000a9a00000, 0x00000000e0000000)
  object space 157696K, 79% used [0x00000000a0000000,0x00000000a7a2add8,0x00000000a9a00000)
 Metaspace       used 56728K, capacity 58754K, committed 58880K, reserved 1099776K
  class space    used 7483K, capacity 7856K, committed 7936K, reserved 1048576K
GC Heap History (10 events):
Event: 41,199 GC heap after
Heap after GC invocations=29 (full 3):
 PSYoungGen      total 245760K, used 35816K [0x00000000e0000000, 0x00000000f4500000, 0x0000000100000000)
  eden space 209920K, 0% used [0x00000000e0000000,0x00000000e0000000,0x00000000ecd00000)
  from space 35840K, 99% used [0x00000000eff00000,0x00000000f21fa1a8,0x00000000f2200000)
  to   space 51200K, 0% used [0x00000000ecd00000,0x00000000ecd00000,0x00000000eff00000)
 ParOldGen       total 92160K, used 91756K [0x00000000a0000000, 0x00000000a5a00000, 0x00000000e0000000)
  object space 92160K, 99% used [0x00000000a0000000,0x00000000a599b218,0x00000000a5a00000)
 Metaspace       used 56331K, capacity 58370K, committed 58624K, reserved 1099776K
  class space    used 7483K, capacity 7856K, committed 7936K, reserved 1048576K
}
Event: 41,199 GC heap before
{Heap before GC invocations=30 (full 4):
 PSYoungGen      total 245760K, used 35816K [0x00000000e0000000, 0x00000000f4500000, 0x0000000100000000)
  eden space 209920K, 0% used [0x00000000e0000000,0x00000000e0000000,0x00000000ecd00000)
  from space 35840K, 99% used [0x00000000eff00000,0x00000000f21fa1a8,0x00000000f2200000)
  to   space 51200K, 0% used [0x00000000ecd00000,0x00000000ecd00000,0x00000000eff00000)
 ParOldGen       total 92160K, used 91756K [0x00000000a0000000, 0x00000000a5a00000, 0x00000000e0000000)
  object space 92160K, 99% used [0x00000000a0000000,0x00000000a599b218,0x00000000a5a00000)
 Metaspace       used 56331K, capacity 58370K, committed 58624K, reserved 1099776K
  class space    used 7483K, capacity 7856K, committed 7936K, reserved 1048576K
Event: 41,808 GC heap after
Heap after GC invocations=30 (full 4):
 PSYoungGen      total 245760K, used 23909K [0x00000000e0000000, 0x00000000f4500000, 0x0000000100000000)
  eden space 209920K, 0% used [0x00000000e0000000,0x00000000e0000000,0x00000000ecd00000)
  from space 35840K, 66% used [0x00000000eff00000,0x00000000f1659598,0x00000000f2200000)
  to   space 51200K, 0% used [0x00000000ecd00000,0x00000000ecd00000,0x00000000eff00000)
 ParOldGen       total 157184K, used 91842K [0x00000000a0000000, 0x00000000a9980000, 0x00000000e0000000)
  object space 157184K, 58% used [0x00000000a0000000,0x00000000a59b0b08,0x00000000a9980000)
 Metaspace       used 56331K, capacity 58370K, committed 58624K, reserved 1099776K
  class space    used 7483K, capacity 7856K, committed 7936K, reserved 1048576K
}
Event: 42,767 GC heap before
{Heap before GC invocations=31 (full 4):
 PSYoungGen      total 245760K, used 233829K [0x00000000e0000000, 0x00000000f4500000, 0x0000000100000000)
  eden space 209920K, 100% used [0x00000000e0000000,0x00000000ecd00000,0x00000000ecd00000)
  from space 35840K, 66% used [0x00000000eff00000,0x00000000f1659598,0x00000000f2200000)
  to   space 51200K, 0% used [0x00000000ecd00000,0x00000000ecd00000,0x00000000eff00000)
 ParOldGen       total 157184K, used 91842K [0x00000000a0000000, 0x00000000a9980000, 0x00000000e0000000)
  object space 157184K, 58% used [0x00000000a0000000,0x00000000a59b0b08,0x00000000a9980000)
 Metaspace       used 56622K, capacity 58626K, committed 58880K, reserved 1099776K
  class space    used 7483K, capacity 7856K, committed 7936K, reserved 1048576K
Event: 42,850 GC heap after
Heap after GC invocations=31 (full 4):
 PSYoungGen      total 261120K, used 25226K [0x00000000e0000000, 0x00000000f4e80000, 0x0000000100000000)
  eden space 209920K, 0% used [0x00000000e0000000,0x00000000e0000000,0x00000000ecd00000)
  from space 51200K, 49% used [0x00000000ecd00000,0x00000000ee5a2ac0,0x00000000eff00000)
  to   space 50688K, 0% used [0x00000000f1d00000,0x00000000f1d00000,0x00000000f4e80000)
 ParOldGen       total 157184K, used 106554K [0x00000000a0000000, 0x00000000a9980000, 0x00000000e0000000)
  object space 157184K, 67% used [0x00000000a0000000,0x00000000a680e930,0x00000000a9980000)
 Metaspace       used 56622K, capacity 58626K, committed 58880K, reserved 1099776K
  class space    used 7483K, capacity 7856K, committed 7936K, reserved 1048576K
}
Event: 43,474 GC heap before
{Heap before GC invocations=32 (full 4):
 PSYoungGen      total 261120K, used 235146K [0x00000000e0000000, 0x00000000f4e80000, 0x0000000100000000)
  eden space 209920K, 100% used [0x00000000e0000000,0x00000000ecd00000,0x00000000ecd00000)
  from space 51200K, 49% used [0x00000000ecd00000,0x00000000ee5a2ac0,0x00000000eff00000)
  to   space 50688K, 0% used [0x00000000f1d00000,0x00000000f1d00000,0x00000000f4e80000)
 ParOldGen       total 157184K, used 106554K [0x00000000a0000000, 0x00000000a9980000, 0x00000000e0000000)
  object space 157184K, 67% used [0x00000000a0000000,0x00000000a680e930,0x00000000a9980000)
 Metaspace       used 56701K, capacity 58754K, committed 58880K, reserved 1099776K
  class space    used 7483K, capacity 7856K, committed 7936K, reserved 1048576K
Event: 43,543 GC heap after
Heap after GC invocations=32 (full 4):
 PSYoungGen      total 290816K, used 29305K [0x00000000e0000000, 0x00000000f5280000, 0x0000000100000000)
  eden space 240128K, 0% used [0x00000000e0000000,0x00000000e0000000,0x00000000eea80000)
  from space 50688K, 57% used [0x00000000f1d00000,0x00000000f399e498,0x00000000f4e80000)
  to   space 51712K, 0% used [0x00000000eea80000,0x00000000eea80000,0x00000000f1d00000)
 ParOldGen       total 157184K, used 129395K [0x00000000a0000000, 0x00000000a9980000, 0x00000000e0000000)
  object space 157184K, 82% used [0x00000000a0000000,0x00000000a7e5ccb0,0x00000000a9980000)
 Metaspace       used 56701K, capacity 58754K, committed 58880K, reserved 1099776K
  class space    used 7483K, capacity 7856K, committed 7936K, reserved 1048576K
}
Event: 44,101 GC heap before
{Heap before GC invocations=33 (full 4):
 PSYoungGen      total 290816K, used 269433K [0x00000000e0000000, 0x00000000f5280000, 0x0000000100000000)
  eden space 240128K, 100% used [0x00000000e0000000,0x00000000eea80000,0x00000000eea80000)
  from space 50688K, 57% used [0x00000000f1d00000,0x00000000f399e498,0x00000000f4e80000)
  to   space 51712K, 0% used [0x00000000eea80000,0x00000000eea80000,0x00000000f1d00000)
 ParOldGen       total 157184K, used 131023K [0x00000000a0000000, 0x00000000a9980000, 0x00000000e0000000)
  object space 157184K, 83% used [0x00000000a0000000,0x00000000a7ff3ea8,0x00000000a9980000)
 Metaspace       used 56728K, capacity 58754K, committed 58880K, reserved 1099776K
  class space    used 7483K, capacity 7856K, committed 7936K, reserved 1048576K
Event: 44,176 GC heap after
Heap after GC invocations=33 (full 4):
 PSYoungGen      total 291840K, used 32999K [0x00000000e0000000, 0x00000000f7a00000, 0x0000000100000000)
  eden space 240128K, 0% used [0x00000000e0000000,0x00000000e0000000,0x00000000eea80000)
  from space 51712K, 63% used [0x00000000eea80000,0x00000000f0ab9fb0,0x00000000f1d00000)
  to   space 53248K, 0% used [0x00000000f4600000,0x00000000f4600000,0x00000000f7a00000)
 ParOldGen       total 157696K, used 157661K [0x00000000a0000000, 0x00000000a9a00000, 0x00000000e0000000)
  object space 157696K, 99% used [0x00000000a0000000,0x00000000a99f7798,0x00000000a9a00000)
 Metaspace       used 56728K, capacity 58754K, committed 58880K, reserved 1099776K
  class space    used 7483K, capacity 7856K, committed 7936K, reserved 1048576K
}
Event: 44,176 GC heap before
{Heap before GC invocations=34 (full 5):
 PSYoungGen      total 291840K, used 32999K [0x00000000e0000000, 0x00000000f7a00000, 0x0000000100000000)
  eden space 240128K, 0% used [0x00000000e0000000,0x00000000e0000000,0x00000000eea80000)
  from space 51712K, 63% used [0x00000000eea80000,0x00000000f0ab9fb0,0x00000000f1d00000)
  to   space 53248K, 0% used [0x00000000f4600000,0x00000000f4600000,0x00000000f7a00000)
 ParOldGen       total 157696K, used 157661K [0x00000000a0000000, 0x00000000a9a00000, 0x00000000e0000000)
  object space 157696K, 99% used [0x00000000a0000000,0x00000000a99f7798,0x00000000a9a00000)
 Metaspace       used 56728K, capacity 58754K, committed 58880K, reserved 1099776K
  class space    used 7483K, capacity 7856K, committed 7936K, reserved 1048576K

